STEP to UG
! INFO-     NX STEP AP214 - V1899
! INFO-      
! INFO-     Start of Translation: 27-JAN-2022  7:54:08 PM
! INFO-      
! STATUS-   Converting Part: C:\Users\juand\Desktop\Unal\APM\Proyecto\APM\Modelos CAD\Bubble Washer for Leafy vegetables.stp
! SUMMARY-   
! SUMMARY-    STEP Header Information
! SUMMARY-   
! SUMMARY-  Description      Unknown
! SUMMARY-  Imp_Level        2;1
! SUMMARY-  File_Name        Bubble Washer for Leafy vegetables
! SUMMARY-  Date             2021-02-03T15:28:57+06:00
! SUMMARY-  Author           Unknown
! SUMMARY-  Organization     Unknown
! SUMMARY-  Pre_Version      ST-DEVELOPER v16.7
! SUMMARY-  Orig_System      DEX
! SUMMARY-  Authorization    Unknown
! SUMMARY-  Schema_ID        automotive_design
! SUMMARY-   
! SUMMARY-    Summary of STEP Entities
! SUMMARY-   
! SUMMARY-  Entity Type                                                   Count
! SUMMARY-  -----------                                                   ------
! SUMMARY-  advanced_face ..............................................:   6138
! SUMMARY-  application_context ........................................:      1
! SUMMARY-  axis2_placement_3d .........................................:   8128
! SUMMARY-  b_spline_curve_with_knots ..................................:   1824
! SUMMARY-  b_spline_curve_with_knots_and_rational_b_spline_curve ......:     32
! SUMMARY-  b_spline_surface_with_knots ................................:    346
! SUMMARY-  b_spline_surface_with_knots_and_rational_b_spline_surface ..:    263
! SUMMARY-  brep_with_voids ............................................:      2
! SUMMARY-  cartesian_point ............................................: 294280
! SUMMARY-  circle .....................................................:   2415
! SUMMARY-  closed_shell ...............................................:     63
! SUMMARY-  conical_surface ............................................:     48
! SUMMARY-  context_dependent_shape_representation .....................:     69
! SUMMARY-  cylindrical_surface ........................................:   1007
! SUMMARY-  degenerate_toroidal_surface ................................:     44
! SUMMARY-  direction ..................................................:  27586
! SUMMARY-  edge_curve .................................................:  15715
! SUMMARY-  edge_loop ..................................................:   9015
! SUMMARY-  ellipse ....................................................:    114
! SUMMARY-  face_bound .................................................:   9017
! SUMMARY-  geometric_representation_context_and_global_uncertainty_a ..:     43
! SUMMARY-  item_defined_transformation ................................:     69
! SUMMARY-  length_unit_and_si_unit ....................................:      1
! SUMMARY-  line .......................................................:  11330
! SUMMARY-  manifold_solid_brep ........................................:     43
! SUMMARY-  next_assembly_usage_occurrence .............................:     69
! SUMMARY-  oriented_closed_shell ......................................:     18
! SUMMARY-  oriented_edge ..............................................:  31430
! SUMMARY-  plane ......................................................:   4284
! SUMMARY-  plane_angle_unit_and_si_unit ...............................:      1
! SUMMARY-  product ....................................................:     43
! SUMMARY-  product_context ............................................:     43
! SUMMARY-  product_definition .........................................:     43
! SUMMARY-  product_definition_context .................................:     43
! SUMMARY-  product_definition_formation_with_specified_source .........:     43
! SUMMARY-  product_definition_shape ...................................:    112
! SUMMARY-  product_related_product_category ...........................:     43
! SUMMARY-  representation_relationship_with_transformation_and_shape ..:     69
! SUMMARY-  shape_representation .......................................:     43
! SUMMARY-  si_unit_and_solid_angle_unit ...............................:      1
! SUMMARY-  spherical_surface ..........................................:     55
! SUMMARY-  toroidal_surface ...........................................:     91
! SUMMARY-  uncertainty_measure_with_unit ..............................:     43
! SUMMARY-  vector .....................................................:  11330
! SUMMARY-  vertex_loop ................................................:      2
! SUMMARY-  vertex_point ...............................................:  10760
! SUMMARY-                                                               -------
! SUMMARY-  Total                                                         446159
! STATUS-    
! STATUS-   Converting to Output Form (Phase 2 of 3): 27-JAN-2022 7:54:10 PM
! STATUS-    
! WARNING-  Reference Set Name CONICAL FILTER-1 is changed to: CONICAL_FILTER-1-c1.
! WARNING-  Reference Set Name 38 NIPPLE-1 is changed to: 38_NIPPLE-1-c1.
! STATUS-    
! STATUS-   Generating UG geometry and placing them in parts
! STATUS-    
! STATUS-   Creating the UG part (Phase 3 of 3): 27-JAN-2022  7:54:26 PM
! INFO-     Filing Part ..: C:\Users\juand\Desktop\Unal\APM\Proyecto\APM\Gemelo Digital\Nozzle
! SUMMARY-   
! SUMMARY-  Summary of Unigraphics Part Entities
! SUMMARY-   
! SUMMARY-  Entities Processed             Count
! SUMMARY-  ------------------             -----
! SUMMARY-  Solid .......................:     1
! SUMMARY-                                 -----
! SUMMARY-  Total                              1
! STATUS-   Creating the UG part (Phase 3 of 3): 27-JAN-2022  7:54:26 PM
! INFO-     Filing Part ..: C:\Users\juand\Desktop\Unal\APM\Proyecto\APM\Gemelo Digital\Spraying System
! SUMMARY-   
! SUMMARY-  Summary of Unigraphics Part Entities
! SUMMARY-   
! SUMMARY-  Entities Processed             Count
! SUMMARY-  ------------------             -----
! SUMMARY-  Solid .......................:     1
! SUMMARY-                                 -----
! SUMMARY-  Total                              1
! STATUS-   Creating the UG part (Phase 3 of 3): 27-JAN-2022  7:54:26 PM
! INFO-     Filing Part ..: C:\Users\juand\Desktop\Unal\APM\Proyecto\APM\Gemelo Digital\38 NIPPLE-1144510
! SUMMARY-   
! SUMMARY-  Summary of Unigraphics Part Entities
! SUMMARY-   
! SUMMARY-  Entities Processed             Count
! SUMMARY-  ------------------             -----
! SUMMARY-  Solid .......................:     1
! SUMMARY-                                 -----
! SUMMARY-  Total                              1
! STATUS-   Creating the UG part (Phase 3 of 3): 27-JAN-2022  7:54:26 PM
! INFO-     Filing Part ..: C:\Users\juand\Desktop\Unal\APM\Proyecto\APM\Gemelo Digital\CLAMP CONICAL FILTER-1
! SUMMARY-   
! SUMMARY-  Summary of Unigraphics Part Entities
! SUMMARY-   
! SUMMARY-  Entities Processed             Count
! SUMMARY-  ------------------             -----
! SUMMARY-  Solid .......................:     1
! SUMMARY-                                 -----
! SUMMARY-  Total                              1
! STATUS-   Creating the UG part (Phase 3 of 3): 27-JAN-2022  7:54:27 PM
! INFO-     Filing Part ..: C:\Users\juand\Desktop\Unal\APM\Proyecto\APM\Gemelo Digital\COVER CONICAL FILTER-1
! SUMMARY-   
! SUMMARY-  Summary of Unigraphics Part Entities
! SUMMARY-   
! SUMMARY-  Entities Processed             Count
! SUMMARY-  ------------------             -----
! SUMMARY-  Solid .......................:     1
! SUMMARY-                                 -----
! SUMMARY-  Total                              1
! STATUS-   Creating the UG part (Phase 3 of 3): 27-JAN-2022  7:54:27 PM
! INFO-     Filing Part ..: C:\Users\juand\Desktop\Unal\APM\Proyecto\APM\Gemelo Digital\CONICAL FILTER-1
! SUMMARY-   
! SUMMARY-  Summary of Unigraphics Part Entities
! SUMMARY-   
! SUMMARY-  Entities Processed             Count
! SUMMARY-  ------------------             -----
! SUMMARY-  Solid .......................:     1
! SUMMARY-                                 -----
! SUMMARY-  Total                              1
! STATUS-   Creating the UG part (Phase 3 of 3): 27-JAN-2022  7:54:27 PM
! INFO-     Filing Part ..: C:\Users\juand\Desktop\Unal\APM\Proyecto\APM\Gemelo Digital\RoundTubing 38x3.2_oa_3
! SUMMARY-   
! SUMMARY-  Summary of Unigraphics Part Entities
! SUMMARY-   
! SUMMARY-  Entities Processed             Count
! SUMMARY-  ------------------             -----
! SUMMARY-  Solid .......................:     1
! SUMMARY-                                 -----
! SUMMARY-  Total                              1
! STATUS-   Creating the UG part (Phase 3 of 3): 27-JAN-2022  7:54:27 PM
! INFO-     Filing Part ..: C:\Users\juand\Desktop\Unal\APM\Proyecto\APM\Gemelo Digital\RoundTubing 51x3.6-1_oa_2
! SUMMARY-   
! SUMMARY-  Summary of Unigraphics Part Entities
! SUMMARY-   
! SUMMARY-  Entities Processed             Count
! SUMMARY-  ------------------             -----
! SUMMARY-  Solid .......................:     1
! SUMMARY-                                 -----
! SUMMARY-  Total                              1
! STATUS-   Creating the UG part (Phase 3 of 3): 27-JAN-2022  7:54:27 PM
! INFO-     Filing Part ..: C:\Users\juand\Desktop\Unal\APM\Proyecto\APM\Gemelo Digital\STUD M10-1
! SUMMARY-   
! SUMMARY-  Summary of Unigraphics Part Entities
! SUMMARY-   
! SUMMARY-  Entities Processed             Count
! SUMMARY-  ------------------             -----
! SUMMARY-  Solid .......................:     1
! SUMMARY-                                 -----
! SUMMARY-  Total                              1
! STATUS-   Creating the UG part (Phase 3 of 3): 27-JAN-2022  7:54:27 PM
! INFO-     Filing Part ..: C:\Users\juand\Desktop\Unal\APM\Proyecto\APM\Gemelo Digital\SHROUD-1
! SUMMARY-   
! SUMMARY-  Summary of Unigraphics Part Entities
! SUMMARY-   
! SUMMARY-  Entities Processed             Count
! SUMMARY-  ------------------             -----
! SUMMARY-  Solid .......................:     1
! SUMMARY-                                 -----
! SUMMARY-  Total                              1
! STATUS-   Creating the UG part (Phase 3 of 3): 27-JAN-2022  7:54:27 PM
! INFO-     Filing Part ..: C:\Users\juand\Desktop\Unal\APM\Proyecto\APM\Gemelo Digital\FRONT COVER-1
! SUMMARY-   
! SUMMARY-  Summary of Unigraphics Part Entities
! SUMMARY-   
! SUMMARY-  Entities Processed             Count
! SUMMARY-  ------------------             -----
! SUMMARY-  Solid .......................:     1
! SUMMARY-                                 -----
! SUMMARY-  Total                              1
! STATUS-   Creating the UG part (Phase 3 of 3): 27-JAN-2022  7:54:27 PM
! INFO-     Filing Part ..: C:\Users\juand\Desktop\Unal\APM\Proyecto\APM\Gemelo Digital\HEX.HEAD NUT MOTOR BASE-2
! SUMMARY-   
! SUMMARY-  Summary of Unigraphics Part Entities
! SUMMARY-   
! SUMMARY-  Entities Processed             Count
! SUMMARY-  ------------------             -----
! SUMMARY-  Solid .......................:     1
! SUMMARY-                                 -----
! SUMMARY-  Total                              1
! STATUS-   Creating the UG part (Phase 3 of 3): 27-JAN-2022  7:54:27 PM
! INFO-     Filing Part ..: C:\Users\juand\Desktop\Unal\APM\Proyecto\APM\Gemelo Digital\STAR NUT COVER NUT-1
! SUMMARY-   
! SUMMARY-  Summary of Unigraphics Part Entities
! SUMMARY-   
! SUMMARY-  Entities Processed             Count
! SUMMARY-  ------------------             -----
! SUMMARY-  Solid .......................:     1
! SUMMARY-                                 -----
! SUMMARY-  Total                              1
! STATUS-   Creating the UG part (Phase 3 of 3): 27-JAN-2022  7:54:27 PM
! INFO-     Filing Part ..: C:\Users\juand\Desktop\Unal\APM\Proyecto\APM\Gemelo Digital\BACK COVER-1
! SUMMARY-   
! SUMMARY-  Summary of Unigraphics Part Entities
! SUMMARY-   
! SUMMARY-  Entities Processed             Count
! SUMMARY-  ------------------             -----
! SUMMARY-  Solid .......................:     1
! SUMMARY-                                 -----
! SUMMARY-  Total                              1
! STATUS-   Creating the UG part (Phase 3 of 3): 27-JAN-2022  7:54:27 PM
! INFO-     Filing Part ..: C:\Users\juand\Desktop\Unal\APM\Proyecto\APM\Gemelo Digital\ALLEN BOLT FOR BRACKET-1
! SUMMARY-   
! SUMMARY-  Summary of Unigraphics Part Entities
! SUMMARY-   
! SUMMARY-  Entities Processed             Count
! SUMMARY-  ------------------             -----
! SUMMARY-  Solid .......................:     1
! SUMMARY-                                 -----
! SUMMARY-  Total                              1
! STATUS-   Creating the UG part (Phase 3 of 3): 27-JAN-2022  7:54:27 PM
! INFO-     Filing Part ..: C:\Users\juand\Desktop\Unal\APM\Proyecto\APM\Gemelo Digital\51 NIPPLE-1
! SUMMARY-   
! SUMMARY-  Summary of Unigraphics Part Entities
! SUMMARY-   
! SUMMARY-  Entities Processed             Count
! SUMMARY-  ------------------             -----
! SUMMARY-  Solid .......................:     1
! SUMMARY-                                 -----
! SUMMARY-  Total                              1
! STATUS-   Creating the UG part (Phase 3 of 3): 27-JAN-2022  7:54:28 PM
! INFO-     Filing Part ..: C:\Users\juand\Desktop\Unal\APM\Proyecto\APM\Gemelo Digital\BASE FRAME-1
! SUMMARY-   
! SUMMARY-  Summary of Unigraphics Part Entities
! SUMMARY-   
! SUMMARY-  Entities Processed             Count
! SUMMARY-  ------------------             -----
! SUMMARY-  Solid .......................:     1
! SUMMARY-                                 -----
! SUMMARY-  Total                              1
! STATUS-   Creating the UG part (Phase 3 of 3): 27-JAN-2022  7:54:28 PM
! INFO-     Filing Part ..: C:\Users\juand\Desktop\Unal\APM\Proyecto\APM\Gemelo Digital\BASE FRAME_mir1-1
! SUMMARY-   
! SUMMARY-  Summary of Unigraphics Part Entities
! SUMMARY-   
! SUMMARY-  Entities Processed             Count
! SUMMARY-  ------------------             -----
! SUMMARY-  Solid .......................:     1
! SUMMARY-                                 -----
! SUMMARY-  Total                              1
! STATUS-   Creating the UG part (Phase 3 of 3): 27-JAN-2022  7:54:28 PM
! INFO-     Filing Part ..: C:\Users\juand\Desktop\Unal\APM\Proyecto\APM\Gemelo Digital\HEX.HEAD BOLT -NUT MOTOR FLANGE-1
! SUMMARY-   
! SUMMARY-  Summary of Unigraphics Part Entities
! SUMMARY-   
! SUMMARY-  Entities Processed             Count
! SUMMARY-  ------------------             -----
! SUMMARY-  Solid .......................:     1
! SUMMARY-                                 -----
! SUMMARY-  Total                              1
! STATUS-   Creating the UG part (Phase 3 of 3): 27-JAN-2022  7:54:28 PM
! INFO-     Filing Part ..: C:\Users\juand\Desktop\Unal\APM\Proyecto\APM\Gemelo Digital\zp-612-p-02-51-00-cover-1
! SUMMARY-   
! SUMMARY-  Summary of Unigraphics Part Entities
! SUMMARY-   
! SUMMARY-  Entities Processed             Count
! SUMMARY-  ------------------             -----
! SUMMARY-  Solid .......................:     1
! SUMMARY-                                 -----
! SUMMARY-  Total                              1
! STATUS-   Creating the UG part (Phase 3 of 3): 27-JAN-2022  7:54:28 PM
! INFO-     Filing Part ..: C:\Users\juand\Desktop\Unal\APM\Proyecto\APM\Gemelo Digital\38 NIPPLE-1
! SUMMARY-   
! SUMMARY-  Summary of Unigraphics Part Entities
! SUMMARY-   
! SUMMARY-  Entities Processed             Count
! SUMMARY-  ------------------             -----
! SUMMARY-  Solid .......................:     1
! SUMMARY-                                 -----
! SUMMARY-  Total                              1
! STATUS-   Creating the UG part (Phase 3 of 3): 27-JAN-2022  7:54:28 PM
! INFO-     Filing Part ..: C:\Users\juand\Desktop\Unal\APM\Proyecto\APM\Gemelo Digital\SEAL HOUSING DOUBLE(MECH.SEAL)-1
! SUMMARY-   
! SUMMARY-  Summary of Unigraphics Part Entities
! SUMMARY-   
! SUMMARY-  Entities Processed             Count
! SUMMARY-  ------------------             -----
! SUMMARY-  Solid .......................:     1
! SUMMARY-                                 -----
! SUMMARY-  Total                              1
! STATUS-   Creating the UG part (Phase 3 of 3): 27-JAN-2022  7:54:28 PM
! INFO-     Filing Part ..: C:\Users\juand\Desktop\Unal\APM\Proyecto\APM\Gemelo Digital\BASE STAND ASSEMBLY BOLT-1
! SUMMARY-   
! SUMMARY-  Summary of Unigraphics Part Entities
! SUMMARY-   
! SUMMARY-  Entities Processed             Count
! SUMMARY-  ------------------             -----
! SUMMARY-  Solid .......................:     1
! SUMMARY-                                 -----
! SUMMARY-  Total                              1
! STATUS-   Creating the UG part (Phase 3 of 3): 27-JAN-2022  7:54:28 PM
! INFO-     Filing Part ..: C:\Users\juand\Desktop\Unal\APM\Proyecto\APM\Gemelo Digital\PUMP HOUSING -1
! SUMMARY-   
! SUMMARY-  Summary of Unigraphics Part Entities
! SUMMARY-   
! SUMMARY-  Entities Processed             Count
! SUMMARY-  ------------------             -----
! SUMMARY-  Solid .......................:     1
! SUMMARY-                                 -----
! SUMMARY-  Total                              1
! STATUS-   Creating the UG part (Phase 3 of 3): 27-JAN-2022  7:54:28 PM
! INFO-     Filing Part ..: C:\Users\juand\Desktop\Unal\APM\Proyecto\APM\Gemelo Digital\M3BA 90S (IM B35)-1
! SUMMARY-   
! SUMMARY-  Summary of Unigraphics Part Entities
! SUMMARY-   
! SUMMARY-  Entities Processed             Count
! SUMMARY-  ------------------             -----
! SUMMARY-  Solid .......................:     1
! SUMMARY-                                 -----
! SUMMARY-  Total                              1
! STATUS-   Creating the UG part (Phase 3 of 3): 27-JAN-2022  7:54:28 PM
! INFO-     Filing Part ..: C:\Users\juand\Desktop\Unal\APM\Proyecto\APM\Gemelo Digital\RoundTubing 51x3.6-1_oa_1
! SUMMARY-   
! SUMMARY-  Summary of Unigraphics Part Entities
! SUMMARY-   
! SUMMARY-  Entities Processed             Count
! SUMMARY-  ------------------             -----
! SUMMARY-  Solid .......................:     1
! SUMMARY-                                 -----
! SUMMARY-  Total                              1
! STATUS-   Creating the UG part (Phase 3 of 3): 27-JAN-2022  7:54:28 PM
! INFO-     Filing Part ..: C:\Users\juand\Desktop\Unal\APM\Proyecto\APM\Gemelo Digital\Air Blower
! SUMMARY-   
! SUMMARY-  Summary of Unigraphics Part Entities
! SUMMARY-   
! SUMMARY-  Entities Processed             Count
! SUMMARY-  ------------------             -----
! SUMMARY-  Solid .......................:     1
! SUMMARY-                                 -----
! SUMMARY-  Total                              1
! STATUS-   Creating the UG part (Phase 3 of 3): 27-JAN-2022  7:54:29 PM
! INFO-     Filing Part ..: C:\Users\juand\Desktop\Unal\APM\Proyecto\APM\Gemelo Digital\CONTROL PANEL
! SUMMARY-   
! SUMMARY-  Summary of Unigraphics Part Entities
! SUMMARY-   
! SUMMARY-  Entities Processed             Count
! SUMMARY-  ------------------             -----
! SUMMARY-  Solid .......................:     1
! SUMMARY-                                 -----
! SUMMARY-  Total                              1
! STATUS-   Creating the UG part (Phase 3 of 3): 27-JAN-2022  7:54:29 PM
! INFO-     Filing Part ..: C:\Users\juand\Desktop\Unal\APM\Proyecto\APM\Gemelo Digital\Work man
! SUMMARY-   
! SUMMARY-  Summary of Unigraphics Part Entities
! SUMMARY-   
! SUMMARY-  Entities Processed             Count
! SUMMARY-  ------------------             -----
! SUMMARY-  Solid .......................:     1
! SUMMARY-                                 -----
! SUMMARY-  Total                              1
! STATUS-   Creating the UG part (Phase 3 of 3): 27-JAN-2022  7:54:30 PM
! INFO-     Filing Part ..: C:\Users\juand\Desktop\Unal\APM\Proyecto\APM\Gemelo Digital\Filter Mesh
! SUMMARY-   
! SUMMARY-  Summary of Unigraphics Part Entities
! SUMMARY-   
! SUMMARY-  Entities Processed             Count
! SUMMARY-  ------------------             -----
! SUMMARY-  Solid .......................:     1
! SUMMARY-                                 -----
! SUMMARY-  Total                              1
! STATUS-   Creating the UG part (Phase 3 of 3): 27-JAN-2022  7:54:30 PM
! INFO-     Filing Part ..: C:\Users\juand\Desktop\Unal\APM\Proyecto\APM\Gemelo Digital\plastic crate
! SUMMARY-   
! SUMMARY-  Summary of Unigraphics Part Entities
! SUMMARY-   
! SUMMARY-  Entities Processed             Count
! SUMMARY-  ------------------             -----
! SUMMARY-  Solid .......................:     1
! SUMMARY-                                 -----
! SUMMARY-  Total                              1
! STATUS-   Creating the UG part (Phase 3 of 3): 27-JAN-2022  7:54:30 PM
! INFO-     Filing Part ..: C:\Users\juand\Desktop\Unal\APM\Proyecto\APM\Gemelo Digital\RoundTubing 63.5x3.6-1_oa_0
! SUMMARY-   
! SUMMARY-  Summary of Unigraphics Part Entities
! SUMMARY-   
! SUMMARY-  Entities Processed             Count
! SUMMARY-  ------------------             -----
! SUMMARY-  Solid .......................:     1
! SUMMARY-                                 -----
! SUMMARY-  Total                              1
! STATUS-   Creating the UG part (Phase 3 of 3): 27-JAN-2022  7:54:30 PM
! INFO-     Filing Part ..: C:\Users\juand\Desktop\Unal\APM\Proyecto\APM\Gemelo Digital\Drum Filter
! SUMMARY-   
! SUMMARY-  Summary of Unigraphics Part Entities
! SUMMARY-   
! SUMMARY-  Entities Processed             Count
! SUMMARY-  ------------------             -----
! SUMMARY-  Solid .......................:     1
! SUMMARY-                                 -----
! SUMMARY-  Total                              1
! STATUS-   Creating the UG part (Phase 3 of 3): 27-JAN-2022  7:54:31 PM
! INFO-     Filing Part ..: C:\Users\juand\Desktop\Unal\APM\Proyecto\APM\Gemelo Digital\Bearing With Housing
! SUMMARY-   
! SUMMARY-  Summary of Unigraphics Part Entities
! SUMMARY-   
! SUMMARY-  Entities Processed             Count
! SUMMARY-  ------------------             -----
! SUMMARY-  Solid .......................:     1
! SUMMARY-                                 -----
! SUMMARY-  Total                              1
! STATUS-   Creating the UG part (Phase 3 of 3): 27-JAN-2022  7:54:31 PM
! INFO-     Filing Part ..: C:\Users\juand\Desktop\Unal\APM\Proyecto\APM\Gemelo Digital\Geared Motor
! SUMMARY-   
! SUMMARY-  Summary of Unigraphics Part Entities
! SUMMARY-   
! SUMMARY-  Entities Processed             Count
! SUMMARY-  ------------------             -----
! SUMMARY-  Solid .......................:     1
! SUMMARY-                                 -----
! SUMMARY-  Total                              1
! STATUS-   Creating the UG part (Phase 3 of 3): 27-JAN-2022  7:54:31 PM
! INFO-     Filing Part ..: C:\Users\juand\Desktop\Unal\APM\Proyecto\APM\Gemelo Digital\Base Frame
! SUMMARY-   
! SUMMARY-  Summary of Unigraphics Part Entities
! SUMMARY-   
! SUMMARY-  Entities Processed             Count
! SUMMARY-  ------------------             -----
! SUMMARY-  Solid .......................:     1
! SUMMARY-                                 -----
! SUMMARY-  Total                              1
! STATUS-   Creating the UG part (Phase 3 of 3): 27-JAN-2022  7:54:31 PM
! INFO-     Filing Part ..: C:\Users\juand\Desktop\Unal\APM\Proyecto\APM\Gemelo Digital\Conveyor
! SUMMARY-   
! SUMMARY-  Summary of Unigraphics Part Entities
! SUMMARY-   
! SUMMARY-  Entities Processed             Count
! SUMMARY-  ------------------             -----
! SUMMARY-  Solid .......................:     8
! SUMMARY-                                 -----
! SUMMARY-  Total                              8
! STATUS-   Creating the UG part (Phase 3 of 3): 27-JAN-2022  7:54:32 PM
! INFO-     Filing Part ..: C:\Users\juand\Desktop\Unal\APM\Proyecto\APM\Gemelo Digital\Main Processing Tank
! SUMMARY-   
! SUMMARY-  Summary of Unigraphics Part Entities
! SUMMARY-   
! SUMMARY-  Entities Processed             Count
! SUMMARY-  ------------------             -----
! SUMMARY-  Solid .......................:     1
! SUMMARY-                                 -----
! SUMMARY-  Total                              1
! STATUS-   Creating the UG part (Phase 3 of 3): 27-JAN-2022  7:54:33 PM
! INFO-     Filing Part ..: C:\Users\juand\Desktop\Unal\APM\Proyecto\APM\Gemelo Digital\Nozzle Assembly
! SUMMARY-   
! SUMMARY-  Summary of Unigraphics Part Entities
! SUMMARY-   
! SUMMARY-  Entities Processed             Count
! SUMMARY-  ------------------             -----
! SUMMARY-  Component ...................:    13
! SUMMARY-                                 -----
! SUMMARY-  Total                             13
! STATUS-   Creating the UG part (Phase 3 of 3): 27-JAN-2022  7:54:33 PM
! INFO-     Filing Part ..: C:\Users\juand\Desktop\Unal\APM\Proyecto\APM\Gemelo Digital\CONICAL FILTER-1144507
! SUMMARY-   
! SUMMARY-  Summary of Unigraphics Part Entities
! SUMMARY-   
! SUMMARY-  Entities Processed             Count
! SUMMARY-  ------------------             -----
! SUMMARY-  Component ...................:     6
! SUMMARY-                                 -----
! SUMMARY-  Total                              6
! STATUS-   Creating the UG part (Phase 3 of 3): 27-JAN-2022  7:54:33 PM
! INFO-     Filing Part ..: C:\Users\juand\Desktop\Unal\APM\Proyecto\APM\Gemelo Digital\MAIN ASSY1-1
! SUMMARY-   
! SUMMARY-  Summary of Unigraphics Part Entities
! SUMMARY-   
! SUMMARY-  Entities Processed             Count
! SUMMARY-  ------------------             -----
! SUMMARY-  Component ...................:    26
! SUMMARY-                                 -----
! SUMMARY-  Total                             26
! STATUS-   Creating the UG part (Phase 3 of 3): 27-JAN-2022  7:54:33 PM
! INFO-     Filing Part ..: C:\Users\juand\Desktop\Unal\APM\Proyecto\APM\Gemelo Digital\Crate Assembly
! SUMMARY-   
! SUMMARY-  Summary of Unigraphics Part Entities
! SUMMARY-   
! SUMMARY-  Entities Processed             Count
! SUMMARY-  ------------------             -----
! SUMMARY-  Component ...................:     1
! SUMMARY-                                 -----
! SUMMARY-  Total                              1
! STATUS-   Creating the UG part (Phase 3 of 3): 27-JAN-2022  7:54:33 PM
! INFO-     Filing Part ..: C:\Users\juand\Desktop\Unal\APM\Proyecto\APM\Gemelo Digital\Bubble Washer for Leafy vegetables.prt
! SUMMARY-   
! SUMMARY-  Summary of Unigraphics Part Entities
! SUMMARY-   
! SUMMARY-  Entities Processed             Count
! SUMMARY-  ------------------             -----
! SUMMARY-  Component ...................:    23
! SUMMARY-                                 -----
! SUMMARY-  Total                             23
! INFO-      
! INFO-     Total number of solids input for this translation       :        45
! INFO-      
! INFO-     Number of solids created without body validation faults :        45
! INFO-      
! INFO-     Number of solids created with body validation fault(s)  :         0
! INFO-      
! INFO-     Number of solids ending up as sheet bodies              :         0
! INFO-      
! INFO-     End of Translation: 27-JAN-2022  7:54:33 PM
! INFO-      
STEP to UG
! INFO-     NX STEP AP214 - V1899
! INFO-      
! INFO-     Start of Translation: 27-JAN-2022  7:59:56 PM
! INFO-      
! STATUS-   Converting Part: C:\Users\juand\Desktop\Unal\APM\Proyecto\APM\Modelos CAD\Bubble Washer for Leafy vegetables.stp
