STEP to UG
! INFO-     NX STEP AP214 - V1899
! INFO-      
! INFO-     Start of Translation: 2-FEB-2022  11:00:54 AM
! INFO-      
! STATUS-   Converting Part: C:\Users\juand\Desktop\Unal\APM\Gemelo LowPOly\Caja.step
! SUMMARY-   
! SUMMARY-    STEP Header Information
! SUMMARY-   
! SUMMARY-  Description      Unknown
! SUMMARY-  Imp_Level        2;1
! SUMMARY-  File_Name        C:\Users\juand\Desktop\Unal\APM\Gemelo LowPOly\Caja.step
! SUMMARY-  Date             2022-02-02T10:59:29-05:00
! SUMMARY-  Author           juand
! SUMMARY-  Organization     Unknown
! SUMMARY-  Pre_Version      ST-DEVELOPER v18
! SUMMARY-  Orig_System      Autodesk Inventor 2020
! SUMMARY-  Authorization    Unknown
! SUMMARY-  Schema_ID        automotive_design
! SUMMARY-   
! SUMMARY-    Summary of STEP Entities
! SUMMARY-   
! SUMMARY-  Entity Type                                                   Count
! SUMMARY-  -----------                                                   ------
! SUMMARY-  advanced_face ..............................................:    815
! SUMMARY-  application_context ........................................:      1
! SUMMARY-  axis2_placement_3d .........................................:   1740
! SUMMARY-  cartesian_point ............................................:   3924
! SUMMARY-  circle .....................................................:    924
! SUMMARY-  closed_shell ...............................................:      1
! SUMMARY-  conversion_based_unit_and_length_unit ......................:      1
! SUMMARY-  cylindrical_surface ........................................:    352
! SUMMARY-  dimensional_exponents ......................................:      1
! SUMMARY-  direction ..................................................:   4516
! SUMMARY-  edge_curve .................................................:   1960
! SUMMARY-  edge_loop ..................................................:    928
! SUMMARY-  face_bound .................................................:    113
! SUMMARY-  face_outer_bound ...........................................:    815
! SUMMARY-  geometric_representation_context_and_global_uncertainty_a ..:      2
! SUMMARY-  length_measure_with_unit ...................................:      1
! SUMMARY-  length_unit_and_si_unit ....................................:      1
! SUMMARY-  line .......................................................:   1036
! SUMMARY-  manifold_solid_brep ........................................:      1
! SUMMARY-  oriented_edge ..............................................:   3920
! SUMMARY-  plane ......................................................:    231
! SUMMARY-  plane_angle_unit_and_si_unit ...............................:      1
! SUMMARY-  product ....................................................:      1
! SUMMARY-  product_context ............................................:      1
! SUMMARY-  product_definition .........................................:      1
! SUMMARY-  product_definition_context .................................:      1
! SUMMARY-  product_definition_formation ...............................:      1
! SUMMARY-  product_definition_shape ...................................:      1
! SUMMARY-  product_related_product_category ...........................:      1
! SUMMARY-  si_unit_and_solid_angle_unit ...............................:      1
! SUMMARY-  spherical_surface ..........................................:     12
! SUMMARY-  toroidal_surface ...........................................:    220
! SUMMARY-  uncertainty_measure_with_unit ..............................:      2
! SUMMARY-  vector .....................................................:   1036
! SUMMARY-  vertex_point ...............................................:   1148
! SUMMARY-                                                               -------
! SUMMARY-  Total                                                          23710
! STATUS-    
! STATUS-   Converting to Output Form (Phase 2 of 3): 2-FEB-2022 11:00:54 AM
! STATUS-    
! STATUS-    
! STATUS-   Generating UG geometry and placing them in parts
! STATUS-    
! STATUS-   Creating the UG part (Phase 3 of 3): 2-FEB-2022  11:00:55 AM
! INFO-     Filing Part ..: C:\Users\juand\Desktop\Unal\APM\Proyecto\APM\Gemelo Digital\Caja.prt
! SUMMARY-   
! SUMMARY-  Summary of Unigraphics Part Entities
! SUMMARY-   
! SUMMARY-  Entities Processed             Count
! SUMMARY-  ------------------             -----
! SUMMARY-  Solid .......................:     1
! SUMMARY-                                 -----
! SUMMARY-  Total                              1
! INFO-      
! INFO-     Total number of solids input for this translation       :         1
! INFO-      
! INFO-     Number of solids created without body validation faults :         1
! INFO-      
! INFO-     Number of solids created with body validation fault(s)  :         0
! INFO-      
! INFO-     Number of solids ending up as sheet bodies              :         0
! INFO-      
! INFO-     End of Translation: 2-FEB-2022  11:00:57 AM
! INFO-      
STEP to UG
! INFO-     NX STEP AP214 - V1899
! INFO-      
! INFO-     Start of Translation: 2-FEB-2022  11:03:40 AM
! INFO-      
! STATUS-   Converting Part: C:\Users\juand\Desktop\Unal\APM\Gemelo LowPOly\Caja.step
! SUMMARY-   
! SUMMARY-    STEP Header Information
! SUMMARY-   
! SUMMARY-  Description      Unknown
! SUMMARY-  Imp_Level        2;1
! SUMMARY-  File_Name        C:\Users\juand\Desktop\Unal\APM\Gemelo LowPOly\Caja.step
! SUMMARY-  Date             2022-02-02T10:59:29-05:00
! SUMMARY-  Author           juand
! SUMMARY-  Organization     Unknown
! SUMMARY-  Pre_Version      ST-DEVELOPER v18
! SUMMARY-  Orig_System      Autodesk Inventor 2020
! SUMMARY-  Authorization    Unknown
! SUMMARY-  Schema_ID        automotive_design
! SUMMARY-   
! SUMMARY-    Summary of STEP Entities
! SUMMARY-   
! SUMMARY-  Entity Type                                                   Count
! SUMMARY-  -----------                                                   ------
! SUMMARY-  advanced_face ..............................................:    815
! SUMMARY-  application_context ........................................:      1
! SUMMARY-  axis2_placement_3d .........................................:   1740
! SUMMARY-  cartesian_point ............................................:   3924
! SUMMARY-  circle .....................................................:    924
! SUMMARY-  closed_shell ...............................................:      1
! SUMMARY-  conversion_based_unit_and_length_unit ......................:      1
! SUMMARY-  cylindrical_surface ........................................:    352
! SUMMARY-  dimensional_exponents ......................................:      1
! SUMMARY-  direction ..................................................:   4516
! SUMMARY-  edge_curve .................................................:   1960
! SUMMARY-  edge_loop ..................................................:    928
! SUMMARY-  face_bound .................................................:    113
! SUMMARY-  face_outer_bound ...........................................:    815
! SUMMARY-  geometric_representation_context_and_global_uncertainty_a ..:      2
! SUMMARY-  length_measure_with_unit ...................................:      1
! SUMMARY-  length_unit_and_si_unit ....................................:      1
! SUMMARY-  line .......................................................:   1036
! SUMMARY-  manifold_solid_brep ........................................:      1
! SUMMARY-  oriented_edge ..............................................:   3920
! SUMMARY-  plane ......................................................:    231
! SUMMARY-  plane_angle_unit_and_si_unit ...............................:      1
! SUMMARY-  product ....................................................:      1
! SUMMARY-  product_context ............................................:      1
! SUMMARY-  product_definition .........................................:      1
! SUMMARY-  product_definition_context .................................:      1
! SUMMARY-  product_definition_formation ...............................:      1
! SUMMARY-  product_definition_shape ...................................:      1
! SUMMARY-  product_related_product_category ...........................:      1
! SUMMARY-  si_unit_and_solid_angle_unit ...............................:      1
! SUMMARY-  spherical_surface ..........................................:     12
! SUMMARY-  toroidal_surface ...........................................:    220
! SUMMARY-  uncertainty_measure_with_unit ..............................:      2
! SUMMARY-  vector .....................................................:   1036
! SUMMARY-  vertex_point ...............................................:   1148
! SUMMARY-                                                               -------
! SUMMARY-  Total                                                          23710
! STATUS-    
! STATUS-   Converting to Output Form (Phase 2 of 3): 2-FEB-2022 11:03:40 AM
! STATUS-    
! STATUS-    
! STATUS-   Generating UG geometry and placing them in parts
! STATUS-    
! STATUS-   Creating the UG part (Phase 3 of 3): 2-FEB-2022  11:03:41 AM
! INFO-     Filing Part ..: C:\Users\juand\Desktop\Unal\APM\Proyecto\APM\Gemelo Digital\Caja.prt
! SUMMARY-   
! SUMMARY-  Summary of Unigraphics Part Entities
! SUMMARY-   
! SUMMARY-  Entities Processed             Count
! SUMMARY-  ------------------             -----
! SUMMARY-  Solid .......................:     1
! SUMMARY-                                 -----
! SUMMARY-  Total                              1
! INFO-      
! INFO-     Total number of solids input for this translation       :         1
! INFO-      
! INFO-     Number of solids created without body validation faults :         1
! INFO-      
! INFO-     Number of solids created with body validation fault(s)  :         0
! INFO-      
! INFO-     Number of solids ending up as sheet bodies              :         0
! INFO-      
! INFO-     End of Translation: 2-FEB-2022  11:03:41 AM
! INFO-      
