STEP to UG
! INFO-     NX STEP AP214 - V1899
! INFO-      
! INFO-     Start of Translation: 2-FEB-2022  12:51:09 AM
! INFO-      
! STATUS-   Converting Part: C:\Users\juand\Desktop\Unal\APM\Gemelo LowPOly\GD_LowPoly.step
! SUMMARY-   
! SUMMARY-    STEP Header Information
! SUMMARY-   
! SUMMARY-  Description      Unknown
! SUMMARY-  Imp_Level        2;1
! SUMMARY-  File_Name        C:\Users\juand\Desktop\Unal\APM\Gemelo LowPOly\GD_LowPoly.step
! SUMMARY-  Date             2022-02-02T00:45:54-05:00
! SUMMARY-  Author           juand
! SUMMARY-  Organization     Unknown
! SUMMARY-  Pre_Version      ST-DEVELOPER v18
! SUMMARY-  Orig_System      Autodesk Inventor 2020
! SUMMARY-  Authorization    Unknown
! SUMMARY-  Schema_ID        automotive_design
! SUMMARY-   
! SUMMARY-    Summary of STEP Entities
! SUMMARY-   
! SUMMARY-  Entity Type                                                   Count
! SUMMARY-  -----------                                                   ------
! SUMMARY-  advanced_face ..............................................:    149
! SUMMARY-  application_context ........................................:      1
! SUMMARY-  axis2_placement_3d .........................................:    342
! SUMMARY-  b_spline_curve_with_knots ..................................:      1
! SUMMARY-  b_spline_surface_with_knots ................................:      1
! SUMMARY-  cartesian_point ............................................:    834
! SUMMARY-  circle .....................................................:    174
! SUMMARY-  closed_shell ...............................................:      7
! SUMMARY-  context_dependent_shape_representation .....................:      9
! SUMMARY-  conversion_based_unit_and_length_unit ......................:      1
! SUMMARY-  cylindrical_surface ........................................:     50
! SUMMARY-  dimensional_exponents ......................................:      1
! SUMMARY-  direction ..................................................:    896
! SUMMARY-  edge_curve .................................................:    389
! SUMMARY-  edge_loop ..................................................:    157
! SUMMARY-  ellipse ....................................................:      2
! SUMMARY-  face_bound .................................................:      8
! SUMMARY-  face_outer_bound ...........................................:    149
! SUMMARY-  geometric_representation_context_and_global_uncertainty_a ..:      9
! SUMMARY-  item_defined_transformation ................................:      9
! SUMMARY-  length_measure_with_unit ...................................:      1
! SUMMARY-  length_unit_and_si_unit ....................................:      2
! SUMMARY-  line .......................................................:    212
! SUMMARY-  manifold_solid_brep ........................................:      7
! SUMMARY-  next_assembly_usage_occurrence .............................:      9
! SUMMARY-  oriented_edge ..............................................:    778
! SUMMARY-  plane ......................................................:     80
! SUMMARY-  plane_angle_unit_and_si_unit ...............................:      1
! SUMMARY-  product ....................................................:      8
! SUMMARY-  product_context ............................................:      1
! SUMMARY-  product_definition .........................................:      8
! SUMMARY-  product_definition_context .................................:      1
! SUMMARY-  product_definition_formation ...............................:      8
! SUMMARY-  product_definition_shape ...................................:     17
! SUMMARY-  product_related_product_category ...........................:      8
! SUMMARY-  representation_relationship_with_transformation_and_shape ..:      9
! SUMMARY-  shape_representation .......................................:      8
! SUMMARY-  si_unit_and_solid_angle_unit ...............................:      1
! SUMMARY-  toroidal_surface ...........................................:     18
! SUMMARY-  uncertainty_measure_with_unit ..............................:      9
! SUMMARY-  vector .....................................................:    212
! SUMMARY-  vertex_point ...............................................:    260
! SUMMARY-                                                               -------
! SUMMARY-  Total                                                           4847
! STATUS-    
! STATUS-   Converting to Output Form (Phase 2 of 3): 2-FEB-2022 12:51:09 AM
! STATUS-    
! STATUS-    
! STATUS-   Generating UG geometry and placing them in parts
! STATUS-    
! STATUS-   Creating the UG part (Phase 3 of 3): 2-FEB-2022  12:51:09 AM
! INFO-     Filing Part ..: C:\Users\juand\Desktop\Unal\APM\Proyecto\APM\Gemelo Digital\conveyour2
! SUMMARY-   
! SUMMARY-  Summary of Unigraphics Part Entities
! SUMMARY-   
! SUMMARY-  Entities Processed             Count
! SUMMARY-  ------------------             -----
! SUMMARY-  Solid .......................:     1
! SUMMARY-                                 -----
! SUMMARY-  Total                              1
! STATUS-   Creating the UG part (Phase 3 of 3): 2-FEB-2022  12:51:09 AM
! INFO-     Filing Part ..: C:\Users\juand\Desktop\Unal\APM\Proyecto\APM\Gemelo Digital\conveyourVolca_Lava
! SUMMARY-   
! SUMMARY-  Summary of Unigraphics Part Entities
! SUMMARY-   
! SUMMARY-  Entities Processed             Count
! SUMMARY-  ------------------             -----
! SUMMARY-  Solid .......................:     1
! SUMMARY-                                 -----
! SUMMARY-  Total                              1
! STATUS-   Creating the UG part (Phase 3 of 3): 2-FEB-2022  12:51:09 AM
! INFO-     Filing Part ..: C:\Users\juand\Desktop\Unal\APM\Proyecto\APM\Gemelo Digital\volcador
! SUMMARY-   
! SUMMARY-  Summary of Unigraphics Part Entities
! SUMMARY-   
! SUMMARY-  Entities Processed             Count
! SUMMARY-  ------------------             -----
! SUMMARY-  Solid .......................:     1
! SUMMARY-                                 -----
! SUMMARY-  Total                              1
! STATUS-   Creating the UG part (Phase 3 of 3): 2-FEB-2022  12:51:09 AM
! INFO-     Filing Part ..: C:\Users\juand\Desktop\Unal\APM\Proyecto\APM\Gemelo Digital\sECADORA
! SUMMARY-   
! SUMMARY-  Summary of Unigraphics Part Entities
! SUMMARY-   
! SUMMARY-  Entities Processed             Count
! SUMMARY-  ------------------             -----
! SUMMARY-  Solid .......................:     1
! SUMMARY-                                 -----
! SUMMARY-  Total                              1
! STATUS-   Creating the UG part (Phase 3 of 3): 2-FEB-2022  12:51:09 AM
! INFO-     Filing Part ..: C:\Users\juand\Desktop\Unal\APM\Proyecto\APM\Gemelo Digital\piso
! SUMMARY-   
! SUMMARY-  Summary of Unigraphics Part Entities
! SUMMARY-   
! SUMMARY-  Entities Processed             Count
! SUMMARY-  ------------------             -----
! SUMMARY-  Solid .......................:     1
! SUMMARY-                                 -----
! SUMMARY-  Total                              1
! STATUS-   Creating the UG part (Phase 3 of 3): 2-FEB-2022  12:51:09 AM
! INFO-     Filing Part ..: C:\Users\juand\Desktop\Unal\APM\Proyecto\APM\Gemelo Digital\Lavadora
! SUMMARY-   
! SUMMARY-  Summary of Unigraphics Part Entities
! SUMMARY-   
! SUMMARY-  Entities Processed             Count
! SUMMARY-  ------------------             -----
! SUMMARY-  Solid .......................:     1
! SUMMARY-                                 -----
! SUMMARY-  Total                              1
! STATUS-   Creating the UG part (Phase 3 of 3): 2-FEB-2022  12:51:10 AM
! INFO-     Filing Part ..: C:\Users\juand\Desktop\Unal\APM\Proyecto\APM\Gemelo Digital\encerado
! SUMMARY-   
! SUMMARY-  Summary of Unigraphics Part Entities
! SUMMARY-   
! SUMMARY-  Entities Processed             Count
! SUMMARY-  ------------------             -----
! SUMMARY-  Solid .......................:     1
! SUMMARY-                                 -----
! SUMMARY-  Total                              1
! STATUS-   Creating the UG part (Phase 3 of 3): 2-FEB-2022  12:51:10 AM
! INFO-     Filing Part ..: C:\Users\juand\Desktop\Unal\APM\Proyecto\APM\Gemelo Digital\GD_LowPoly.prt
! SUMMARY-   
! SUMMARY-  Summary of Unigraphics Part Entities
! SUMMARY-   
! SUMMARY-  Entities Processed             Count
! SUMMARY-  ------------------             -----
! SUMMARY-  Component ...................:     9
! SUMMARY-                                 -----
! SUMMARY-  Total                              9
! INFO-      
! INFO-     Total number of solids input for this translation       :         7
! INFO-      
! INFO-     Number of solids created without body validation faults :         7
! INFO-      
! INFO-     Number of solids created with body validation fault(s)  :         0
! INFO-      
! INFO-     Number of solids ending up as sheet bodies              :         0
! INFO-      
! INFO-     End of Translation: 2-FEB-2022  12:51:10 AM
! INFO-      
STEP to UG
! INFO-     NX STEP AP214 - V1899
! INFO-      
! INFO-     Start of Translation: 2-FEB-2022  11:13:25 AM
! INFO-      
! STATUS-   Converting Part: C:\Users\juand\Desktop\Unal\APM\Gemelo LowPOly\GD_LowPoly.step
! SUMMARY-   
! SUMMARY-    STEP Header Information
! SUMMARY-   
! SUMMARY-  Description      Unknown
! SUMMARY-  Imp_Level        2;1
! SUMMARY-  File_Name        C:\Users\juand\Desktop\Unal\APM\Gemelo LowPOly\GD_LowPoly.step
! SUMMARY-  Date             2022-02-02T11:12:58-05:00
! SUMMARY-  Author           juand
! SUMMARY-  Organization     Unknown
! SUMMARY-  Pre_Version      ST-DEVELOPER v18
! SUMMARY-  Orig_System      Autodesk Inventor 2020
! SUMMARY-  Authorization    Unknown
! SUMMARY-  Schema_ID        automotive_design
! SUMMARY-   
! SUMMARY-    Summary of STEP Entities
! SUMMARY-   
! SUMMARY-  Entity Type                                                   Count
! SUMMARY-  -----------                                                   ------
! SUMMARY-  advanced_face ..............................................:    982
! SUMMARY-  application_context ........................................:      1
! SUMMARY-  axis2_placement_3d .........................................:   2103
! SUMMARY-  b_spline_curve_with_knots ..................................:     19
! SUMMARY-  b_spline_surface_with_knots ................................:      1
! SUMMARY-  b_spline_surface_with_knots_and_rational_b_spline_surface ..:     18
! SUMMARY-  cartesian_point ............................................:   6179
! SUMMARY-  circle .....................................................:   1112
! SUMMARY-  closed_shell ...............................................:     11
! SUMMARY-  context_dependent_shape_representation .....................:     13
! SUMMARY-  conversion_based_unit_and_length_unit ......................:      1
! SUMMARY-  cylindrical_surface ........................................:    402
! SUMMARY-  dimensional_exponents ......................................:      1
! SUMMARY-  direction ..................................................:   5454
! SUMMARY-  edge_curve .................................................:   2381
! SUMMARY-  edge_loop ..................................................:   1103
! SUMMARY-  ellipse ....................................................:      2
! SUMMARY-  face_bound .................................................:    121
! SUMMARY-  face_outer_bound ...........................................:    982
! SUMMARY-  geometric_representation_context_and_global_uncertainty_a ..:     13
! SUMMARY-  item_defined_transformation ................................:     13
! SUMMARY-  length_measure_with_unit ...................................:      1
! SUMMARY-  length_unit_and_si_unit ....................................:      2
! SUMMARY-  line .......................................................:   1248
! SUMMARY-  manifold_solid_brep ........................................:     11
! SUMMARY-  next_assembly_usage_occurrence .............................:     13
! SUMMARY-  oriented_edge ..............................................:   4762
! SUMMARY-  plane ......................................................:    311
! SUMMARY-  plane_angle_unit_and_si_unit ...............................:      1
! SUMMARY-  product ....................................................:     12
! SUMMARY-  product_context ............................................:      1
! SUMMARY-  product_definition .........................................:     12
! SUMMARY-  product_definition_context .................................:      1
! SUMMARY-  product_definition_formation ...............................:     12
! SUMMARY-  product_definition_shape ...................................:     25
! SUMMARY-  product_related_product_category ...........................:     12
! SUMMARY-  representation_relationship_with_transformation_and_shape ..:     13
! SUMMARY-  shape_representation .......................................:     12
! SUMMARY-  si_unit_and_solid_angle_unit ...............................:      1
! SUMMARY-  spherical_surface ..........................................:     12
! SUMMARY-  toroidal_surface ...........................................:    238
! SUMMARY-  uncertainty_measure_with_unit ..............................:     13
! SUMMARY-  vector .....................................................:   1248
! SUMMARY-  vertex_point ...............................................:   1428
! SUMMARY-                                                               -------
! SUMMARY-  Total                                                          30301
! STATUS-    
! STATUS-   Converting to Output Form (Phase 2 of 3): 2-FEB-2022 11:13:25 AM
! STATUS-    
! STATUS-    
! STATUS-   Generating UG geometry and placing them in parts
! STATUS-    
! STATUS-   Creating the UG part (Phase 3 of 3): 2-FEB-2022  11:13:27 AM
! INFO-     Filing Part ..: C:\Users\juand\Desktop\Unal\APM\Proyecto\APM\Gemelo Digital\AvocadoSmall
! SUMMARY-   
! SUMMARY-  Summary of Unigraphics Part Entities
! SUMMARY-   
! SUMMARY-  Entities Processed             Count
! SUMMARY-  ------------------             -----
! SUMMARY-  Solid .......................:     1
! SUMMARY-                                 -----
! SUMMARY-  Total                              1
! STATUS-   Creating the UG part (Phase 3 of 3): 2-FEB-2022  11:13:27 AM
! INFO-     Filing Part ..: C:\Users\juand\Desktop\Unal\APM\Proyecto\APM\Gemelo Digital\AvocadoLarge
! SUMMARY-   
! SUMMARY-  Summary of Unigraphics Part Entities
! SUMMARY-   
! SUMMARY-  Entities Processed             Count
! SUMMARY-  ------------------             -----
! SUMMARY-  Solid .......................:     1
! SUMMARY-                                 -----
! SUMMARY-  Total                              1
! STATUS-   Creating the UG part (Phase 3 of 3): 2-FEB-2022  11:13:27 AM
! INFO-     Filing Part ..: C:\Users\juand\Desktop\Unal\APM\Proyecto\APM\Gemelo Digital\Avocado Medium
! SUMMARY-   
! SUMMARY-  Summary of Unigraphics Part Entities
! SUMMARY-   
! SUMMARY-  Entities Processed             Count
! SUMMARY-  ------------------             -----
! SUMMARY-  Solid .......................:     1
! SUMMARY-                                 -----
! SUMMARY-  Total                              1
! STATUS-   Creating the UG part (Phase 3 of 3): 2-FEB-2022  11:13:27 AM
! INFO-     Filing Part ..: C:\Users\juand\Desktop\Unal\APM\Proyecto\APM\Gemelo Digital\Caja
! SUMMARY-   
! SUMMARY-  Summary of Unigraphics Part Entities
! SUMMARY-   
! SUMMARY-  Entities Processed             Count
! SUMMARY-  ------------------             -----
! SUMMARY-  Solid .......................:     1
! SUMMARY-                                 -----
! SUMMARY-  Total                              1
! STATUS-   Creating the UG part (Phase 3 of 3): 2-FEB-2022  11:13:28 AM
! INFO-     Filing Part ..: C:\Users\juand\Desktop\Unal\APM\Proyecto\APM\Gemelo Digital\conveyour230518
! SUMMARY-   
! SUMMARY-  Summary of Unigraphics Part Entities
! SUMMARY-   
! SUMMARY-  Entities Processed             Count
! SUMMARY-  ------------------             -----
! SUMMARY-  Solid .......................:     1
! SUMMARY-                                 -----
! SUMMARY-  Total                              1
! STATUS-   Creating the UG part (Phase 3 of 3): 2-FEB-2022  11:13:28 AM
! INFO-     Filing Part ..: C:\Users\juand\Desktop\Unal\APM\Proyecto\APM\Gemelo Digital\conveyourVolca_Lava30517
! SUMMARY-   
! SUMMARY-  Summary of Unigraphics Part Entities
! SUMMARY-   
! SUMMARY-  Entities Processed             Count
! SUMMARY-  ------------------             -----
! SUMMARY-  Solid .......................:     1
! SUMMARY-                                 -----
! SUMMARY-  Total                              1
! STATUS-   Creating the UG part (Phase 3 of 3): 2-FEB-2022  11:13:28 AM
! INFO-     Filing Part ..: C:\Users\juand\Desktop\Unal\APM\Proyecto\APM\Gemelo Digital\volcador30516
! SUMMARY-   
! SUMMARY-  Summary of Unigraphics Part Entities
! SUMMARY-   
! SUMMARY-  Entities Processed             Count
! SUMMARY-  ------------------             -----
! SUMMARY-  Solid .......................:     1
! SUMMARY-                                 -----
! SUMMARY-  Total                              1
! STATUS-   Creating the UG part (Phase 3 of 3): 2-FEB-2022  11:13:28 AM
! INFO-     Filing Part ..: C:\Users\juand\Desktop\Unal\APM\Proyecto\APM\Gemelo Digital\sECADORA30515
! SUMMARY-   
! SUMMARY-  Summary of Unigraphics Part Entities
! SUMMARY-   
! SUMMARY-  Entities Processed             Count
! SUMMARY-  ------------------             -----
! SUMMARY-  Solid .......................:     1
! SUMMARY-                                 -----
! SUMMARY-  Total                              1
! STATUS-   Creating the UG part (Phase 3 of 3): 2-FEB-2022  11:13:28 AM
! INFO-     Filing Part ..: C:\Users\juand\Desktop\Unal\APM\Proyecto\APM\Gemelo Digital\piso30514
! SUMMARY-   
! SUMMARY-  Summary of Unigraphics Part Entities
! SUMMARY-   
! SUMMARY-  Entities Processed             Count
! SUMMARY-  ------------------             -----
! SUMMARY-  Solid .......................:     1
! SUMMARY-                                 -----
! SUMMARY-  Total                              1
! STATUS-   Creating the UG part (Phase 3 of 3): 2-FEB-2022  11:13:28 AM
! INFO-     Filing Part ..: C:\Users\juand\Desktop\Unal\APM\Proyecto\APM\Gemelo Digital\Lavadora30513
! SUMMARY-   
! SUMMARY-  Summary of Unigraphics Part Entities
! SUMMARY-   
! SUMMARY-  Entities Processed             Count
! SUMMARY-  ------------------             -----
! SUMMARY-  Solid .......................:     1
! SUMMARY-                                 -----
! SUMMARY-  Total                              1
! STATUS-   Creating the UG part (Phase 3 of 3): 2-FEB-2022  11:13:28 AM
! INFO-     Filing Part ..: C:\Users\juand\Desktop\Unal\APM\Proyecto\APM\Gemelo Digital\encerado30512
! SUMMARY-   
! SUMMARY-  Summary of Unigraphics Part Entities
! SUMMARY-   
! SUMMARY-  Entities Processed             Count
! SUMMARY-  ------------------             -----
! SUMMARY-  Solid .......................:     1
! SUMMARY-                                 -----
! SUMMARY-  Total                              1
! STATUS-   Creating the UG part (Phase 3 of 3): 2-FEB-2022  11:13:28 AM
! INFO-     Filing Part ..: C:\Users\juand\Desktop\Unal\APM\Proyecto\APM\Gemelo Digital\GD_LowPoly.prt
! SUMMARY-   
! SUMMARY-  Summary of Unigraphics Part Entities
! SUMMARY-   
! SUMMARY-  Entities Processed             Count
! SUMMARY-  ------------------             -----
! SUMMARY-  Component ...................:    13
! SUMMARY-                                 -----
! SUMMARY-  Total                             13
! INFO-      
! INFO-     Total number of solids input for this translation       :        11
! INFO-      
! INFO-     Number of solids created without body validation faults :        11
! INFO-      
! INFO-     Number of solids created with body validation fault(s)  :         0
! INFO-      
! INFO-     Number of solids ending up as sheet bodies              :         0
! INFO-      
! INFO-     End of Translation: 2-FEB-2022  11:13:28 AM
! INFO-      
